<?xml version="1.0" encoding="UTF-8"?>
<!-- Generated by org.testng.reporters.JUnitXMLReporter -->
<testsuite hostname="Parag-Jain" name="Default test" tests="15" failures="0" timestamp="8 Sep 2017 11:31:55 GMT" time="149.036" errors="0">
  <testcase name="selectActivityType" time="20.884" classname="com.ZippSlipAutomation.admin.maintestpackage.EnglishCreateActivityMainClass"/>
  <testcase name="verifyEventNameIsMandatory" time="10.609" classname="com.ZippSlipAutomation.admin.maintestpackage.EnglishCreateActivityMainClass"/>
  <testcase name="verifyConfirmationPopupForNoLocation" time="1.177" classname="com.ZippSlipAutomation.admin.maintestpackage.EnglishCreateActivityMainClass"/>
  <testcase name="verifyFieldsOnConfirmPopupForNoLocation" time="5.307" classname="com.ZippSlipAutomation.admin.maintestpackage.EnglishCreateActivityMainClass"/>
  <testcase name="verifyPopupOnSeeAllForms" time="8.399" classname="com.ZippSlipAutomation.admin.maintestpackage.EnglishCreateActivityMainClass"/>
  <testcase name="selectParticipantType" time="2.189" classname="com.ZippSlipAutomation.admin.maintestpackage.EnglishCreateActivityMainClass"/>
  <testcase name="verifyCurrentlySelectedForms" time="4.715" classname="com.ZippSlipAutomation.admin.maintestpackage.EnglishCreateActivityMainClass"/>
  <testcase name="verifySectionOnAdvancedSettingsButton" time="1.419" classname="com.ZippSlipAutomation.admin.maintestpackage.EnglishCreateActivityMainClass"/>
  <testcase name="verifyAttachmentsSection" time="5.745" classname="com.ZippSlipAutomation.admin.maintestpackage.EnglishCreateActivityMainClass"/>
  <testcase name="verifyFieldsInPaymentsSection" time="1.325" classname="com.ZippSlipAutomation.admin.maintestpackage.EnglishCreateActivityMainClass"/>
  <testcase name="verifyFeeTable" time="2.243" classname="com.ZippSlipAutomation.admin.maintestpackage.EnglishCreateActivityMainClass"/>
  <testcase name="verifyTotalFees" time="1.936" classname="com.ZippSlipAutomation.admin.maintestpackage.EnglishCreateActivityMainClass"/>
  <testcase name="verifyCashInstructionsTextbox" time="1.882" classname="com.ZippSlipAutomation.admin.maintestpackage.EnglishCreateActivityMainClass"/>
  <testcase name="directToCommunicationPage" time="8.363" classname="com.ZippSlipAutomation.admin.maintestpackage.EnglishCreateActivityMainClass"/>
  <testcase name="communicationsPageFunctionality" time="30.503" classname="com.ZippSlipAutomation.admin.maintestpackage.EnglishCreateActivityMainClass"/>
</testsuite> <!-- Default test -->
